The system is: Darwin - 17.7.0 - x86_64
Compiling the C compiler identification source file "CMakeCCompilerId.c" succeeded.
Compiler: /usr/local/bin/clang-omp 
Build flags: 
Id flags:  

The output was:
0


Compilation of the C compiler identification source "CMakeCCompilerId.c" produced "a.out"

The C compiler identification is Clang, found in "/Users/Yuyang/Documents/programing/Cpp/boost/build/CMakeFiles/3.12.0/CompilerIdC/a.out"

Compiling the CXX compiler identification source file "CMakeCXXCompilerId.cpp" succeeded.
Compiler: /usr/local/bin/clang-omp++ 
Build flags: 
Id flags:  

The output was:
0


Compilation of the CXX compiler identification source "CMakeCXXCompilerId.cpp" produced "a.out"

The CXX compiler identification is Clang, found in "/Users/Yuyang/Documents/programing/Cpp/boost/build/CMakeFiles/3.12.0/CompilerIdCXX/a.out"

Determining if the C compiler works passed with the following output:
Change Dir: /Users/Yuyang/Documents/programing/Cpp/boost/build/CMakeFiles/CMakeTmp

Run Build Command:"/usr/bin/make" "cmTC_30a38/fast"
/Applications/Xcode.app/Contents/Developer/usr/bin/make -f CMakeFiles/cmTC_30a38.dir/build.make CMakeFiles/cmTC_30a38.dir/build
Building C object CMakeFiles/cmTC_30a38.dir/testCCompiler.c.o
/usr/local/bin/clang-omp    -o CMakeFiles/cmTC_30a38.dir/testCCompiler.c.o   -c /Users/Yuyang/Documents/programing/Cpp/boost/build/CMakeFiles/CMakeTmp/testCCompiler.c
Linking C executable cmTC_30a38
/usr/local/Cellar/cmake/3.12.0/bin/cmake -E cmake_link_script CMakeFiles/cmTC_30a38.dir/link.txt --verbose=1
/usr/local/bin/clang-omp   -Wl,-search_paths_first -Wl,-headerpad_max_install_names   CMakeFiles/cmTC_30a38.dir/testCCompiler.c.o  -o cmTC_30a38 


Detecting C compiler ABI info compiled with the following output:
Change Dir: /Users/Yuyang/Documents/programing/Cpp/boost/build/CMakeFiles/CMakeTmp

Run Build Command:"/usr/bin/make" "cmTC_72dab/fast"
/Applications/Xcode.app/Contents/Developer/usr/bin/make -f CMakeFiles/cmTC_72dab.dir/build.make CMakeFiles/cmTC_72dab.dir/build
Building C object CMakeFiles/cmTC_72dab.dir/CMakeCCompilerABI.c.o
/usr/local/bin/clang-omp    -o CMakeFiles/cmTC_72dab.dir/CMakeCCompilerABI.c.o   -c /usr/local/Cellar/cmake/3.12.0/share/cmake/Modules/CMakeCCompilerABI.c
Linking C executable cmTC_72dab
/usr/local/Cellar/cmake/3.12.0/bin/cmake -E cmake_link_script CMakeFiles/cmTC_72dab.dir/link.txt --verbose=1
/usr/local/bin/clang-omp   -Wl,-search_paths_first -Wl,-headerpad_max_install_names  -v -Wl,-v CMakeFiles/cmTC_72dab.dir/CMakeCCompilerABI.c.o  -o cmTC_72dab 
clang version 6.0.1 (tags/RELEASE_601/final)
Target: x86_64-apple-darwin17.7.0
Thread model: posix
InstalledDir: /usr/local/bin
 "/usr/bin/ld" -demangle -lto_library /usr/local/Cellar/llvm/6.0.1/lib/libLTO.dylib -dynamic -arch x86_64 -macosx_version_min 10.13.0 -o cmTC_72dab -search_paths_first -headerpad_max_install_names -v CMakeFiles/cmTC_72dab.dir/CMakeCCompilerABI.c.o -lSystem /usr/local/Cellar/llvm/6.0.1/lib/clang/6.0.1/lib/darwin/libclang_rt.osx.a
@(#)PROGRAM:ld  PROJECT:ld64-351.8
configured to support archs: armv6 armv7 armv7s arm64 i386 x86_64 x86_64h armv6m armv7k armv7m armv7em (tvOS)
Library search paths:
	/usr/lib
	/usr/local/lib
Framework search paths:
	/Library/Frameworks/
	/System/Library/Frameworks/


Parsed C implicit link information from above output:
  link line regex: [^( *|.*[/\])(ld|CMAKE_LINK_STARTFILE-NOTFOUND|([^/\]+-)?ld|collect2)[^/\]*( |$)]
  ignore line: [Change Dir: /Users/Yuyang/Documents/programing/Cpp/boost/build/CMakeFiles/CMakeTmp]
  ignore line: []
  ignore line: [Run Build Command:"/usr/bin/make" "cmTC_72dab/fast"]
  ignore line: [/Applications/Xcode.app/Contents/Developer/usr/bin/make -f CMakeFiles/cmTC_72dab.dir/build.make CMakeFiles/cmTC_72dab.dir/build]
  ignore line: [Building C object CMakeFiles/cmTC_72dab.dir/CMakeCCompilerABI.c.o]
  ignore line: [/usr/local/bin/clang-omp    -o CMakeFiles/cmTC_72dab.dir/CMakeCCompilerABI.c.o   -c /usr/local/Cellar/cmake/3.12.0/share/cmake/Modules/CMakeCCompilerABI.c]
  ignore line: [Linking C executable cmTC_72dab]
  ignore line: [/usr/local/Cellar/cmake/3.12.0/bin/cmake -E cmake_link_script CMakeFiles/cmTC_72dab.dir/link.txt --verbose=1]
  ignore line: [/usr/local/bin/clang-omp   -Wl,-search_paths_first -Wl,-headerpad_max_install_names  -v -Wl,-v CMakeFiles/cmTC_72dab.dir/CMakeCCompilerABI.c.o  -o cmTC_72dab ]
  ignore line: [clang version 6.0.1 (tags/RELEASE_601/final)]
  ignore line: [Target: x86_64-apple-darwin17.7.0]
  ignore line: [Thread model: posix]
  ignore line: [InstalledDir: /usr/local/bin]
  link line: [ "/usr/bin/ld" -demangle -lto_library /usr/local/Cellar/llvm/6.0.1/lib/libLTO.dylib -dynamic -arch x86_64 -macosx_version_min 10.13.0 -o cmTC_72dab -search_paths_first -headerpad_max_install_names -v CMakeFiles/cmTC_72dab.dir/CMakeCCompilerABI.c.o -lSystem /usr/local/Cellar/llvm/6.0.1/lib/clang/6.0.1/lib/darwin/libclang_rt.osx.a]
    arg [/usr/bin/ld] ==> ignore
    arg [-demangle] ==> ignore
    arg [-lto_library] ==> ignore, skip following value
    arg [/usr/local/Cellar/llvm/6.0.1/lib/libLTO.dylib] ==> skip value of -lto_library
    arg [-dynamic] ==> ignore
    arg [-arch] ==> ignore
    arg [x86_64] ==> ignore
    arg [-macosx_version_min] ==> ignore
    arg [10.13.0] ==> ignore
    arg [-o] ==> ignore
    arg [cmTC_72dab] ==> ignore
    arg [-search_paths_first] ==> ignore
    arg [-headerpad_max_install_names] ==> ignore
    arg [-v] ==> ignore
    arg [CMakeFiles/cmTC_72dab.dir/CMakeCCompilerABI.c.o] ==> ignore
    arg [-lSystem] ==> lib [System]
    arg [/usr/local/Cellar/llvm/6.0.1/lib/clang/6.0.1/lib/darwin/libclang_rt.osx.a] ==> lib [/usr/local/Cellar/llvm/6.0.1/lib/clang/6.0.1/lib/darwin/libclang_rt.osx.a]
  Library search paths: [;/usr/lib;/usr/local/lib]
  Framework search paths: [;/Library/Frameworks/;/System/Library/Frameworks/]
  remove lib [System]
  remove lib [/usr/local/Cellar/llvm/6.0.1/lib/clang/6.0.1/lib/darwin/libclang_rt.osx.a]
  collapse library dir [/usr/lib] ==> [/usr/lib]
  collapse library dir [/usr/local/lib] ==> [/usr/local/lib]
  collapse framework dir [/Library/Frameworks/] ==> [/Library/Frameworks]
  collapse framework dir [/System/Library/Frameworks/] ==> [/System/Library/Frameworks]
  implicit libs: []
  implicit dirs: [/usr/lib;/usr/local/lib]
  implicit fwks: [/Library/Frameworks;/System/Library/Frameworks]


Determining if the CXX compiler works passed with the following output:
Change Dir: /Users/Yuyang/Documents/programing/Cpp/boost/build/CMakeFiles/CMakeTmp

Run Build Command:"/usr/bin/make" "cmTC_96c3c/fast"
/Applications/Xcode.app/Contents/Developer/usr/bin/make -f CMakeFiles/cmTC_96c3c.dir/build.make CMakeFiles/cmTC_96c3c.dir/build
Building CXX object CMakeFiles/cmTC_96c3c.dir/testCXXCompiler.cxx.o
/usr/local/bin/clang-omp++     -o CMakeFiles/cmTC_96c3c.dir/testCXXCompiler.cxx.o -c /Users/Yuyang/Documents/programing/Cpp/boost/build/CMakeFiles/CMakeTmp/testCXXCompiler.cxx
Linking CXX executable cmTC_96c3c
/usr/local/Cellar/cmake/3.12.0/bin/cmake -E cmake_link_script CMakeFiles/cmTC_96c3c.dir/link.txt --verbose=1
/usr/local/bin/clang-omp++    -Wl,-search_paths_first -Wl,-headerpad_max_install_names   CMakeFiles/cmTC_96c3c.dir/testCXXCompiler.cxx.o  -o cmTC_96c3c 


Detecting CXX compiler ABI info compiled with the following output:
Change Dir: /Users/Yuyang/Documents/programing/Cpp/boost/build/CMakeFiles/CMakeTmp

Run Build Command:"/usr/bin/make" "cmTC_da1bb/fast"
/Applications/Xcode.app/Contents/Developer/usr/bin/make -f CMakeFiles/cmTC_da1bb.dir/build.make CMakeFiles/cmTC_da1bb.dir/build
Building CXX object CMakeFiles/cmTC_da1bb.dir/CMakeCXXCompilerABI.cpp.o
/usr/local/bin/clang-omp++     -o CMakeFiles/cmTC_da1bb.dir/CMakeCXXCompilerABI.cpp.o -c /usr/local/Cellar/cmake/3.12.0/share/cmake/Modules/CMakeCXXCompilerABI.cpp
Linking CXX executable cmTC_da1bb
/usr/local/Cellar/cmake/3.12.0/bin/cmake -E cmake_link_script CMakeFiles/cmTC_da1bb.dir/link.txt --verbose=1
/usr/local/bin/clang-omp++    -Wl,-search_paths_first -Wl,-headerpad_max_install_names  -v -Wl,-v CMakeFiles/cmTC_da1bb.dir/CMakeCXXCompilerABI.cpp.o  -o cmTC_da1bb 
clang version 6.0.1 (tags/RELEASE_601/final)
Target: x86_64-apple-darwin17.7.0
Thread model: posix
InstalledDir: /usr/local/bin
 "/usr/bin/ld" -demangle -lto_library /usr/local/Cellar/llvm/6.0.1/lib/libLTO.dylib -dynamic -arch x86_64 -macosx_version_min 10.13.0 -o cmTC_da1bb -search_paths_first -headerpad_max_install_names -v CMakeFiles/cmTC_da1bb.dir/CMakeCXXCompilerABI.cpp.o -lc++ -lSystem /usr/local/Cellar/llvm/6.0.1/lib/clang/6.0.1/lib/darwin/libclang_rt.osx.a
@(#)PROGRAM:ld  PROJECT:ld64-351.8
configured to support archs: armv6 armv7 armv7s arm64 i386 x86_64 x86_64h armv6m armv7k armv7m armv7em (tvOS)
Library search paths:
	/usr/lib
	/usr/local/lib
Framework search paths:
	/Library/Frameworks/
	/System/Library/Frameworks/


Parsed CXX implicit link information from above output:
  link line regex: [^( *|.*[/\])(ld|CMAKE_LINK_STARTFILE-NOTFOUND|([^/\]+-)?ld|collect2)[^/\]*( |$)]
  ignore line: [Change Dir: /Users/Yuyang/Documents/programing/Cpp/boost/build/CMakeFiles/CMakeTmp]
  ignore line: []
  ignore line: [Run Build Command:"/usr/bin/make" "cmTC_da1bb/fast"]
  ignore line: [/Applications/Xcode.app/Contents/Developer/usr/bin/make -f CMakeFiles/cmTC_da1bb.dir/build.make CMakeFiles/cmTC_da1bb.dir/build]
  ignore line: [Building CXX object CMakeFiles/cmTC_da1bb.dir/CMakeCXXCompilerABI.cpp.o]
  ignore line: [/usr/local/bin/clang-omp++     -o CMakeFiles/cmTC_da1bb.dir/CMakeCXXCompilerABI.cpp.o -c /usr/local/Cellar/cmake/3.12.0/share/cmake/Modules/CMakeCXXCompilerABI.cpp]
  ignore line: [Linking CXX executable cmTC_da1bb]
  ignore line: [/usr/local/Cellar/cmake/3.12.0/bin/cmake -E cmake_link_script CMakeFiles/cmTC_da1bb.dir/link.txt --verbose=1]
  ignore line: [/usr/local/bin/clang-omp++    -Wl,-search_paths_first -Wl,-headerpad_max_install_names  -v -Wl,-v CMakeFiles/cmTC_da1bb.dir/CMakeCXXCompilerABI.cpp.o  -o cmTC_da1bb ]
  ignore line: [clang version 6.0.1 (tags/RELEASE_601/final)]
  ignore line: [Target: x86_64-apple-darwin17.7.0]
  ignore line: [Thread model: posix]
  ignore line: [InstalledDir: /usr/local/bin]
  link line: [ "/usr/bin/ld" -demangle -lto_library /usr/local/Cellar/llvm/6.0.1/lib/libLTO.dylib -dynamic -arch x86_64 -macosx_version_min 10.13.0 -o cmTC_da1bb -search_paths_first -headerpad_max_install_names -v CMakeFiles/cmTC_da1bb.dir/CMakeCXXCompilerABI.cpp.o -lc++ -lSystem /usr/local/Cellar/llvm/6.0.1/lib/clang/6.0.1/lib/darwin/libclang_rt.osx.a]
    arg [/usr/bin/ld] ==> ignore
    arg [-demangle] ==> ignore
    arg [-lto_library] ==> ignore, skip following value
    arg [/usr/local/Cellar/llvm/6.0.1/lib/libLTO.dylib] ==> skip value of -lto_library
    arg [-dynamic] ==> ignore
    arg [-arch] ==> ignore
    arg [x86_64] ==> ignore
    arg [-macosx_version_min] ==> ignore
    arg [10.13.0] ==> ignore
    arg [-o] ==> ignore
    arg [cmTC_da1bb] ==> ignore
    arg [-search_paths_first] ==> ignore
    arg [-headerpad_max_install_names] ==> ignore
    arg [-v] ==> ignore
    arg [CMakeFiles/cmTC_da1bb.dir/CMakeCXXCompilerABI.cpp.o] ==> ignore
    arg [-lc++] ==> lib [c++]
    arg [-lSystem] ==> lib [System]
    arg [/usr/local/Cellar/llvm/6.0.1/lib/clang/6.0.1/lib/darwin/libclang_rt.osx.a] ==> lib [/usr/local/Cellar/llvm/6.0.1/lib/clang/6.0.1/lib/darwin/libclang_rt.osx.a]
  Library search paths: [;/usr/lib;/usr/local/lib]
  Framework search paths: [;/Library/Frameworks/;/System/Library/Frameworks/]
  remove lib [System]
  remove lib [/usr/local/Cellar/llvm/6.0.1/lib/clang/6.0.1/lib/darwin/libclang_rt.osx.a]
  collapse library dir [/usr/lib] ==> [/usr/lib]
  collapse library dir [/usr/local/lib] ==> [/usr/local/lib]
  collapse framework dir [/Library/Frameworks/] ==> [/Library/Frameworks]
  collapse framework dir [/System/Library/Frameworks/] ==> [/System/Library/Frameworks]
  implicit libs: [c++]
  implicit dirs: [/usr/lib;/usr/local/lib]
  implicit fwks: [/Library/Frameworks;/System/Library/Frameworks]


Determining if the include file pthread.h exists passed with the following output:
Change Dir: /Users/Yuyang/Documents/programing/Cpp/boost/build/CMakeFiles/CMakeTmp

Run Build Command:"/usr/bin/make" "cmTC_58e21/fast"
/Applications/Xcode.app/Contents/Developer/usr/bin/make -f CMakeFiles/cmTC_58e21.dir/build.make CMakeFiles/cmTC_58e21.dir/build
Building C object CMakeFiles/cmTC_58e21.dir/CheckIncludeFile.c.o
/usr/local/bin/clang-omp    -o CMakeFiles/cmTC_58e21.dir/CheckIncludeFile.c.o   -c /Users/Yuyang/Documents/programing/Cpp/boost/build/CMakeFiles/CMakeTmp/CheckIncludeFile.c
Linking C executable cmTC_58e21
/usr/local/Cellar/cmake/3.12.0/bin/cmake -E cmake_link_script CMakeFiles/cmTC_58e21.dir/link.txt --verbose=1
/usr/local/bin/clang-omp   -Wl,-search_paths_first -Wl,-headerpad_max_install_names   CMakeFiles/cmTC_58e21.dir/CheckIncludeFile.c.o  -o cmTC_58e21 


Determining if the pthread_create exist passed with the following output:
Change Dir: /Users/Yuyang/Documents/programing/Cpp/boost/build/CMakeFiles/CMakeTmp

Run Build Command:"/usr/bin/make" "cmTC_db32d/fast"
/Applications/Xcode.app/Contents/Developer/usr/bin/make -f CMakeFiles/cmTC_db32d.dir/build.make CMakeFiles/cmTC_db32d.dir/build
Building C object CMakeFiles/cmTC_db32d.dir/CheckSymbolExists.c.o
/usr/local/bin/clang-omp    -o CMakeFiles/cmTC_db32d.dir/CheckSymbolExists.c.o   -c /Users/Yuyang/Documents/programing/Cpp/boost/build/CMakeFiles/CMakeTmp/CheckSymbolExists.c
Linking C executable cmTC_db32d
/usr/local/Cellar/cmake/3.12.0/bin/cmake -E cmake_link_script CMakeFiles/cmTC_db32d.dir/link.txt --verbose=1
/usr/local/bin/clang-omp   -Wl,-search_paths_first -Wl,-headerpad_max_install_names   CMakeFiles/cmTC_db32d.dir/CheckSymbolExists.c.o  -o cmTC_db32d 

File /Users/Yuyang/Documents/programing/Cpp/boost/build/CMakeFiles/CMakeTmp/CheckSymbolExists.c:
/* */
#include <pthread.h>

int main(int argc, char** argv)
{
  (void)argv;
#ifndef pthread_create
  return ((int*)(&pthread_create))[argc];
#else
  (void)argc;
  return 0;
#endif
}

